<?xml version="1.0" encoding="UTF-8"?>
<testng-results ignored="0" total="1" passed="1" failed="0" skipped="0">
  <reporter-output>
  </reporter-output>
  <suite started-at="2025-06-06T16:38:51 IST" name="Suite" finished-at="2025-06-06T16:39:23 IST" duration-ms="32134">
    <groups>
    </groups>
    <test started-at="2025-06-06T16:38:51 IST" name="Amazon_TestCases" finished-at="2025-06-06T16:39:23 IST" duration-ms="32134">
      <class name="Amazon_Test.Amazon_TC1">
        <test-method is-config="true" signature="Launch()[pri:0, instance:Amazon_Test.Amazon_TC1@65c7a252]" started-at="2025-06-06T16:38:51 IST" name="Launch" finished-at="2025-06-06T16:39:13 IST" duration-ms="22362" status="PASS">
          <reporter-output>
          </reporter-output>
        </test-method> <!-- Launch -->
        <test-method signature="login_to_amazon()[pri:0, instance:Amazon_Test.Amazon_TC1@65c7a252]" started-at="2025-06-06T16:39:13 IST" name="login_to_amazon" finished-at="2025-06-06T16:39:23 IST" duration-ms="9623" status="PASS">
          <reporter-output>
          </reporter-output>
        </test-method> <!-- login_to_amazon -->
      </class> <!-- Amazon_Test.Amazon_TC1 -->
    </test> <!-- Amazon_TestCases -->
  </suite> <!-- Suite -->
</testng-results>
