<?xml version="1.0" encoding="UTF-8"?>
<testng-results ignored="0" total="1" passed="1" failed="0" skipped="0">
  <reporter-output>
  </reporter-output>
  <suite started-at="2025-06-14T15:46:07 IST" name="Suite" finished-at="2025-06-14T15:46:37 IST" duration-ms="29342">
    <groups>
    </groups>
    <test started-at="2025-06-14T15:46:07 IST" name="Amazon_TestCases" finished-at="2025-06-14T15:46:37 IST" duration-ms="29342">
      <class name="Amazon_Test.Amazon_TC1">
        <test-method is-config="true" signature="Launch()[pri:0, instance:Amazon_Test.Amazon_TC1@576d5deb]" started-at="2025-06-14T15:46:08 IST" name="Launch" finished-at="2025-06-14T15:46:29 IST" duration-ms="21106" status="PASS">
          <reporter-output>
          </reporter-output>
        </test-method> <!-- Launch -->
        <test-method signature="login_to_amazon()[pri:0, instance:Amazon_Test.Amazon_TC1@576d5deb]" started-at="2025-06-14T15:46:29 IST" name="login_to_amazon" finished-at="2025-06-14T15:46:37 IST" duration-ms="8118" status="PASS">
          <reporter-output>
          </reporter-output>
        </test-method> <!-- login_to_amazon -->
      </class> <!-- Amazon_Test.Amazon_TC1 -->
    </test> <!-- Amazon_TestCases -->
  </suite> <!-- Suite -->
</testng-results>
